* Starting client
* Connecting to master process on port 9448
* Analyzing classpath: 
  - D:/PROGRAMEREN/iac/IAC/target/classes
  - D:\PROGRAMEREN\iac\IAC\target\test-classes
  - D:\PROGRAMEREN\iac\IAC\target\classes
  - D:\DOWNLOADS\postgresql-42.1.4.jar
  - C:\Users\gebruiker\.m2\repository\junit\junit\4.12\junit-4.12.jar
  - C:\Users\gebruiker\.m2\repository\org\hamcrest\hamcrest-core\1.3\hamcrest-core-1.3.jar
  - C:\Users\gebruiker\.m2\repository\javax\servlet\javax.servlet-api\3.1.0\javax.servlet-api-3.1.0.jar
  - C:\Users\gebruiker\.m2\repository\io\jsonwebtoken\jjwt\0.7.0\jjwt-0.7.0.jar
  - C:\Users\gebruiker\.m2\repository\com\fasterxml\jackson\core\jackson-databind\2.8.2\jackson-databind-2.8.2.jar
  - C:\Users\gebruiker\.m2\repository\com\fasterxml\jackson\core\jackson-annotations\2.8.0\jackson-annotations-2.8.0.jar
  - C:\Users\gebruiker\.m2\repository\com\fasterxml\jackson\core\jackson-core\2.8.2\jackson-core-2.8.2.jar
  - C:\Users\gebruiker\.m2\repository\org\glassfish\jersey\containers\jersey-container-servlet\2.25.1\jersey-container-servlet-2.25.1.jar
  - C:\Users\gebruiker\.m2\repository\org\glassfish\jersey\containers\jersey-container-servlet-core\2.25.1\jersey-container-servlet-core-2.25.1.jar
  - C:\Users\gebruiker\.m2\repository\org\glassfish\hk2\external\javax.inject\2.5.0-b32\javax.inject-2.5.0-b32.jar
  - C:\Users\gebruiker\.m2\repository\org\glassfish\jersey\core\jersey-common\2.25.1\jersey-common-2.25.1.jar
  - C:\Users\gebruiker\.m2\repository\javax\annotation\javax.annotation-api\1.2\javax.annotation-api-1.2.jar
  - C:\Users\gebruiker\.m2\repository\org\glassfish\jersey\bundles\repackaged\jersey-guava\2.25.1\jersey-guava-2.25.1.jar
  - C:\Users\gebruiker\.m2\repository\org\glassfish\hk2\hk2-api\2.5.0-b32\hk2-api-2.5.0-b32.jar
  - C:\Users\gebruiker\.m2\repository\org\glassfish\hk2\hk2-utils\2.5.0-b32\hk2-utils-2.5.0-b32.jar
  - C:\Users\gebruiker\.m2\repository\org\glassfish\hk2\external\aopalliance-repackaged\2.5.0-b32\aopalliance-repackaged-2.5.0-b32.jar
  - C:\Users\gebruiker\.m2\repository\org\glassfish\hk2\hk2-locator\2.5.0-b32\hk2-locator-2.5.0-b32.jar
  - C:\Users\gebruiker\.m2\repository\org\javassist\javassist\3.20.0-GA\javassist-3.20.0-GA.jar
  - C:\Users\gebruiker\.m2\repository\org\glassfish\hk2\osgi-resource-locator\1.0.1\osgi-resource-locator-1.0.1.jar
  - C:\Users\gebruiker\.m2\repository\org\glassfish\jersey\core\jersey-server\2.25.1\jersey-server-2.25.1.jar
  - C:\Users\gebruiker\.m2\repository\org\glassfish\jersey\core\jersey-client\2.25.1\jersey-client-2.25.1.jar
  - C:\Users\gebruiker\.m2\repository\org\glassfish\jersey\media\jersey-media-jaxb\2.25.1\jersey-media-jaxb-2.25.1.jar
  - C:\Users\gebruiker\.m2\repository\javax\validation\validation-api\1.1.0.Final\validation-api-1.1.0.Final.jar
  - C:\Users\gebruiker\.m2\repository\javax\ws\rs\javax.ws.rs-api\2.0.1\javax.ws.rs-api-2.0.1.jar
  - C:\Users\gebruiker\.m2\repository\org\apache\tomcat\tomcat-dbcp\8.0.33\tomcat-dbcp-8.0.33.jar
  - C:\Users\gebruiker\.m2\repository\org\apache\tomcat\tomcat-juli\8.0.33\tomcat-juli-8.0.33.jar
  - C:\Users\gebruiker\.m2\repository\org\json\json\20180130\json-20180130.jar
  - C:\Users\gebruiker\.m2\repository\org\glassfish\jersey\media\jersey-media-moxy\2.17\jersey-media-moxy-2.17.jar
  - C:\Users\gebruiker\.m2\repository\org\glassfish\jersey\ext\jersey-entity-filtering\2.17\jersey-entity-filtering-2.17.jar
  - C:\Users\gebruiker\.m2\repository\org\eclipse\persistence\org.eclipse.persistence.moxy\2.5.0\org.eclipse.persistence.moxy-2.5.0.jar
  - C:\Users\gebruiker\.m2\repository\org\eclipse\persistence\org.eclipse.persistence.core\2.5.0\org.eclipse.persistence.core-2.5.0.jar
  - C:\Users\gebruiker\.m2\repository\org\eclipse\persistence\org.eclipse.persistence.asm\2.5.0\org.eclipse.persistence.asm-2.5.0.jar
  - C:\Users\gebruiker\.m2\repository\org\eclipse\persistence\org.eclipse.persistence.antlr\2.5.0\org.eclipse.persistence.antlr-2.5.0.jar
  - C:\Users\gebruiker\.m2\repository\org\mockito\mockito-core\2.16.0\mockito-core-2.16.0.jar
  - C:\Users\gebruiker\.m2\repository\net\bytebuddy\byte-buddy\1.7.9\byte-buddy-1.7.9.jar
  - C:\Users\gebruiker\.m2\repository\net\bytebuddy\byte-buddy-agent\1.7.9\byte-buddy-agent-1.7.9.jar
  - C:\Users\gebruiker\.m2\repository\org\objenesis\objenesis\2.6\objenesis-2.6.jar
  - C:\Users\gebruiker\.m2\repository\org\testng\testng\6.8\testng-6.8.jar
  - C:\Users\gebruiker\.m2\repository\org\beanshell\bsh\2.0b4\bsh-2.0b4.jar
  - C:\Users\gebruiker\.m2\repository\com\beust\jcommander\1.27\jcommander-1.27.jar
  - C:\Users\gebruiker\.m2\repository\org\yaml\snakeyaml\1.6\snakeyaml-1.6.jar
* Finished analyzing classpath
* Generating tests for class Controller.CategoryController
* Test criteria:
  - Line Coverage
  - Branch Coverage
  - Exception
  - Mutation testing (weak)
  - Method-Output Coverage
  - Top-Level Method Coverage
  - No-Exception Top-Level Method Coverage
  - Context Branch Coverage
* Setting up search algorithm for whole suite generation
* Loaded 8 tests from D:\PROGRAMEREN\iac\IAC\.evosuite\evosuite-seeds\Controller.CategoryController.seed
* Total number of test goals: 
  - Line 15
  - Branch 7
  - Exception 0
  - MutationFactory 10
  - Output 22
  - Method 6
  - MethodNoException 6
  - CBranchFitnessFactory 7
* Using seed 1521737898464
* Starting evolution
* Search finished after 31s and 262 generations, 101225 statements, best individual has fitness: 18.5
* Writing sequences to pool
* Minimizing test suite
* Going to analyze the coverage criteria
* Coverage analysis for criterion LINE
* Coverage of criterion LINE: 67%
* Total number of goals: 15
* Number of covered goals: 10
* Coverage analysis for criterion BRANCH
* Coverage of criterion BRANCH: 86%
* Total number of goals: 7
* Number of covered goals: 6
* Coverage analysis for criterion EXCEPTION
* Coverage of criterion EXCEPTION: 100%
* Total number of goals: 5
* Number of covered goals: 5
* Coverage analysis for criterion WEAKMUTATION
* Coverage of criterion WEAKMUTATION: 90%
* Total number of goals: 10
* Number of covered goals: 9
* Coverage analysis for criterion OUTPUT
* Coverage of criterion OUTPUT: 36%
* Total number of goals: 22
* Number of covered goals: 8
* Coverage analysis for criterion METHOD
* Coverage of criterion METHOD: 100%
* Total number of goals: 6
* Number of covered goals: 6
* Coverage analysis for criterion METHODNOEXCEPTION
* Coverage of criterion METHODNOEXCEPTION: 100%
* Total number of goals: 6
* Number of covered goals: 6
* Coverage analysis for criterion CBRANCH
* Coverage of criterion CBRANCH: 86%
* Total number of goals: 7
* Number of covered goals: 6
* Generated 10 tests with total length 29
* Resulting test suite's coverage: 83% (average coverage for all fitness functions)
* Generating assertions
* Resulting test suite's mutation score: 10%
* Compiling and checking tests
* Permissions denied during test execution: 
  - java.net.SocketPermission: 
         connect,resolve 200.42.42.0:5432: 117973
* Writing JUnit test case 'CategoryController_ESTest' to D:\PROGRAMEREN\iac\IAC\.evosuite\tmp_2018_03_22_17_58_17\tests
* Done!

